CRITICAL - 2021-04-02 00:57:18 --> Invalid file: accueil.php
#0 C:\laragon\www\EspaceASM\vendor\codeigniter4\framework\system\View\View.php(203): CodeIgniter\Exceptions\FrameworkException::forInvalidFile('accueil.php')
#1 C:\laragon\www\EspaceASM\vendor\codeigniter4\framework\system\Common.php(1217): CodeIgniter\View\View->render('accueil', Array, true)
#2 C:\laragon\www\EspaceASM\app\Controllers\Home.php(9): view('accueil')
#3 C:\laragon\www\EspaceASM\vendor\codeigniter4\framework\system\CodeIgniter.php(935): App\Controllers\Home->index()
#4 C:\laragon\www\EspaceASM\vendor\codeigniter4\framework\system\CodeIgniter.php(431): CodeIgniter\CodeIgniter->runController(Object(App\Controllers\Home))
#5 C:\laragon\www\EspaceASM\vendor\codeigniter4\framework\system\CodeIgniter.php(332): CodeIgniter\CodeIgniter->handleRequest(NULL, Object(Config\Cache), false)
#6 C:\laragon\www\EspaceASM\public\index.php(44): CodeIgniter\CodeIgniter->run()
#7 {main}
CRITICAL - 2021-04-02 00:59:56 --> Invalid file: accueil.php
#0 C:\laragon\www\EspaceASM\vendor\codeigniter4\framework\system\View\View.php(203): CodeIgniter\Exceptions\FrameworkException::forInvalidFile('accueil.php')
#1 C:\laragon\www\EspaceASM\vendor\codeigniter4\framework\system\Common.php(1217): CodeIgniter\View\View->render('accueil', Array, true)
#2 C:\laragon\www\EspaceASM\app\Controllers\Home.php(9): view('accueil')
#3 C:\laragon\www\EspaceASM\vendor\codeigniter4\framework\system\CodeIgniter.php(935): App\Controllers\Home->index()
#4 C:\laragon\www\EspaceASM\vendor\codeigniter4\framework\system\CodeIgniter.php(431): CodeIgniter\CodeIgniter->runController(Object(App\Controllers\Home))
#5 C:\laragon\www\EspaceASM\vendor\codeigniter4\framework\system\CodeIgniter.php(332): CodeIgniter\CodeIgniter->handleRequest(NULL, Object(Config\Cache), false)
#6 C:\laragon\www\EspaceASM\public\index.php(44): CodeIgniter\CodeIgniter->run()
#7 {main}
CRITICAL - 2021-04-02 01:08:38 --> Invalid file: accueil.php
#0 C:\laragon\www\EspaceASM\vendor\codeigniter4\framework\system\View\View.php(203): CodeIgniter\Exceptions\FrameworkException::forInvalidFile('accueil.php')
#1 C:\laragon\www\EspaceASM\vendor\codeigniter4\framework\system\Common.php(1217): CodeIgniter\View\View->render('accueil', Array, true)
#2 C:\laragon\www\EspaceASM\app\Controllers\Home.php(9): view('accueil')
#3 C:\laragon\www\EspaceASM\vendor\codeigniter4\framework\system\CodeIgniter.php(935): App\Controllers\Home->index()
#4 C:\laragon\www\EspaceASM\vendor\codeigniter4\framework\system\CodeIgniter.php(431): CodeIgniter\CodeIgniter->runController(Object(App\Controllers\Home))
#5 C:\laragon\www\EspaceASM\vendor\codeigniter4\framework\system\CodeIgniter.php(332): CodeIgniter\CodeIgniter->handleRequest(NULL, Object(Config\Cache), false)
#6 C:\laragon\www\EspaceASM\public\index.php(44): CodeIgniter\CodeIgniter->run()
#7 {main}
CRITICAL - 2021-04-02 01:10:53 --> Invalid file: accueil.php
#0 C:\laragon\www\EspaceASM\vendor\codeigniter4\framework\system\View\View.php(203): CodeIgniter\Exceptions\FrameworkException::forInvalidFile('accueil.php')
#1 C:\laragon\www\EspaceASM\vendor\codeigniter4\framework\system\Common.php(1217): CodeIgniter\View\View->render('accueil', Array, true)
#2 C:\laragon\www\EspaceASM\app\Controllers\Home.php(9): view('accueil')
#3 C:\laragon\www\EspaceASM\vendor\codeigniter4\framework\system\CodeIgniter.php(935): App\Controllers\Home->index()
#4 C:\laragon\www\EspaceASM\vendor\codeigniter4\framework\system\CodeIgniter.php(431): CodeIgniter\CodeIgniter->runController(Object(App\Controllers\Home))
#5 C:\laragon\www\EspaceASM\vendor\codeigniter4\framework\system\CodeIgniter.php(332): CodeIgniter\CodeIgniter->handleRequest(NULL, Object(Config\Cache), false)
#6 C:\laragon\www\EspaceASM\public\index.php(44): CodeIgniter\CodeIgniter->run()
#7 {main}
CRITICAL - 2021-04-02 01:12:45 --> Undefined property: App\Controllers\Abonnements::$load
#0 C:\laragon\www\EspaceASM\app\Controllers\Abonnements.php(16): CodeIgniter\Debug\Exceptions->errorHandler(8, 'Undefined prope...', 'C:\\laragon\\www\\...', 16, Array)
#1 C:\laragon\www\EspaceASM\vendor\codeigniter4\framework\system\CodeIgniter.php(935): App\Controllers\Abonnements->index()
#2 C:\laragon\www\EspaceASM\vendor\codeigniter4\framework\system\CodeIgniter.php(431): CodeIgniter\CodeIgniter->runController(Object(App\Controllers\Abonnements))
#3 C:\laragon\www\EspaceASM\vendor\codeigniter4\framework\system\CodeIgniter.php(332): CodeIgniter\CodeIgniter->handleRequest(NULL, Object(Config\Cache), false)
#4 C:\laragon\www\EspaceASM\public\index.php(44): CodeIgniter\CodeIgniter->run()
#5 {main}
CRITICAL - 2021-04-02 01:17:17 --> Invalid file: template.php
#0 C:\laragon\www\EspaceASM\vendor\codeigniter4\framework\system\View\View.php(203): CodeIgniter\Exceptions\FrameworkException::forInvalidFile('template.php')
#1 C:\laragon\www\EspaceASM\vendor\codeigniter4\framework\system\Common.php(1217): CodeIgniter\View\View->render('template', Array, true)
#2 C:\laragon\www\EspaceASM\app\Controllers\Abonnements.php(16): view('template', Array)
#3 C:\laragon\www\EspaceASM\vendor\codeigniter4\framework\system\CodeIgniter.php(935): App\Controllers\Abonnements->index()
#4 C:\laragon\www\EspaceASM\vendor\codeigniter4\framework\system\CodeIgniter.php(431): CodeIgniter\CodeIgniter->runController(Object(App\Controllers\Abonnements))
#5 C:\laragon\www\EspaceASM\vendor\codeigniter4\framework\system\CodeIgniter.php(332): CodeIgniter\CodeIgniter->handleRequest(NULL, Object(Config\Cache), false)
#6 C:\laragon\www\EspaceASM\public\index.php(44): CodeIgniter\CodeIgniter->run()
#7 {main}
CRITICAL - 2021-04-02 01:18:02 --> Undefined property: CodeIgniter\View\View::$load
#0 C:\laragon\www\EspaceASM\app\Views\templates\template.php(2): CodeIgniter\Debug\Exceptions->errorHandler(8, 'Undefined prope...', 'C:\\laragon\\www\\...', 2, Array)
#1 C:\laragon\www\EspaceASM\vendor\codeigniter4\framework\system\View\View.php(220): include('C:\\laragon\\www\\...')
#2 C:\laragon\www\EspaceASM\vendor\codeigniter4\framework\system\View\View.php(222): CodeIgniter\View\View->CodeIgniter\View\{closure}()
#3 C:\laragon\www\EspaceASM\vendor\codeigniter4\framework\system\Common.php(1217): CodeIgniter\View\View->render('templates/templ...', Array, true)
#4 C:\laragon\www\EspaceASM\app\Controllers\Abonnements.php(16): view('templates/templ...', Array)
#5 C:\laragon\www\EspaceASM\vendor\codeigniter4\framework\system\CodeIgniter.php(935): App\Controllers\Abonnements->index()
#6 C:\laragon\www\EspaceASM\vendor\codeigniter4\framework\system\CodeIgniter.php(431): CodeIgniter\CodeIgniter->runController(Object(App\Controllers\Abonnements))
#7 C:\laragon\www\EspaceASM\vendor\codeigniter4\framework\system\CodeIgniter.php(332): CodeIgniter\CodeIgniter->handleRequest(NULL, Object(Config\Cache), false)
#8 C:\laragon\www\EspaceASM\public\index.php(44): CodeIgniter\CodeIgniter->run()
#9 {main}
CRITICAL - 2021-04-02 01:19:19 --> syntax error, unexpected '}', expecting ';'
#0 C:\laragon\www\EspaceASM\vendor\codeigniter4\framework\system\Router\Router.php(170): CodeIgniter\Router\Router->autoRoute('Abonnements')
#1 C:\laragon\www\EspaceASM\vendor\codeigniter4\framework\system\CodeIgniter.php(815): CodeIgniter\Router\Router->handle('Abonnements')
#2 C:\laragon\www\EspaceASM\vendor\codeigniter4\framework\system\CodeIgniter.php(384): CodeIgniter\CodeIgniter->tryToRouteIt(Object(CodeIgniter\Router\RouteCollection))
#3 C:\laragon\www\EspaceASM\vendor\codeigniter4\framework\system\CodeIgniter.php(332): CodeIgniter\CodeIgniter->handleRequest(NULL, Object(Config\Cache), false)
#4 C:\laragon\www\EspaceASM\public\index.php(44): CodeIgniter\CodeIgniter->run()
#5 {main}
CRITICAL - 2021-04-02 01:19:29 --> Undefined variable: defaultLocale
#0 C:\laragon\www\EspaceASM\app\Views\templates\header.php(2): CodeIgniter\Debug\Exceptions->errorHandler(8, 'Undefined varia...', 'C:\\laragon\\www\\...', 2, Array)
#1 C:\laragon\www\EspaceASM\vendor\codeigniter4\framework\system\View\View.php(220): include('C:\\laragon\\www\\...')
#2 C:\laragon\www\EspaceASM\vendor\codeigniter4\framework\system\View\View.php(222): CodeIgniter\View\View->CodeIgniter\View\{closure}()
#3 C:\laragon\www\EspaceASM\vendor\codeigniter4\framework\system\Common.php(1217): CodeIgniter\View\View->render('templates/heade...', Array, true)
#4 C:\laragon\www\EspaceASM\app\Controllers\Abonnements.php(16): view('templates/heade...')
#5 C:\laragon\www\EspaceASM\vendor\codeigniter4\framework\system\CodeIgniter.php(935): App\Controllers\Abonnements->index()
#6 C:\laragon\www\EspaceASM\vendor\codeigniter4\framework\system\CodeIgniter.php(431): CodeIgniter\CodeIgniter->runController(Object(App\Controllers\Abonnements))
#7 C:\laragon\www\EspaceASM\vendor\codeigniter4\framework\system\CodeIgniter.php(332): CodeIgniter\CodeIgniter->handleRequest(NULL, Object(Config\Cache), false)
#8 C:\laragon\www\EspaceASM\public\index.php(44): CodeIgniter\CodeIgniter->run()
#9 {main}
CRITICAL - 2021-04-02 01:20:02 --> Undefined variable: title
#0 C:\laragon\www\EspaceASM\app\Views\templates\header.php(4): CodeIgniter\Debug\Exceptions->errorHandler(8, 'Undefined varia...', 'C:\\laragon\\www\\...', 4, Array)
#1 C:\laragon\www\EspaceASM\vendor\codeigniter4\framework\system\View\View.php(220): include('C:\\laragon\\www\\...')
#2 C:\laragon\www\EspaceASM\vendor\codeigniter4\framework\system\View\View.php(222): CodeIgniter\View\View->CodeIgniter\View\{closure}()
#3 C:\laragon\www\EspaceASM\vendor\codeigniter4\framework\system\Common.php(1217): CodeIgniter\View\View->render('templates/heade...', Array, true)
#4 C:\laragon\www\EspaceASM\app\Controllers\Abonnements.php(16): view('templates/heade...')
#5 C:\laragon\www\EspaceASM\vendor\codeigniter4\framework\system\CodeIgniter.php(935): App\Controllers\Abonnements->index()
#6 C:\laragon\www\EspaceASM\vendor\codeigniter4\framework\system\CodeIgniter.php(431): CodeIgniter\CodeIgniter->runController(Object(App\Controllers\Abonnements))
#7 C:\laragon\www\EspaceASM\vendor\codeigniter4\framework\system\CodeIgniter.php(332): CodeIgniter\CodeIgniter->handleRequest(NULL, Object(Config\Cache), false)
#8 C:\laragon\www\EspaceASM\public\index.php(44): CodeIgniter\CodeIgniter->run()
#9 {main}
CRITICAL - 2021-04-02 02:00:56 --> Undefined variable: title
#0 C:\laragon\www\EspaceASM\app\Views\templates\header.php(4): CodeIgniter\Debug\Exceptions->errorHandler(8, 'Undefined varia...', 'C:\\laragon\\www\\...', 4, Array)
#1 C:\laragon\www\EspaceASM\vendor\codeigniter4\framework\system\View\View.php(220): include('C:\\laragon\\www\\...')
#2 C:\laragon\www\EspaceASM\vendor\codeigniter4\framework\system\View\View.php(222): CodeIgniter\View\View->CodeIgniter\View\{closure}()
#3 C:\laragon\www\EspaceASM\vendor\codeigniter4\framework\system\Common.php(1217): CodeIgniter\View\View->render('templates/heade...', Array, true)
#4 C:\laragon\www\EspaceASM\app\Controllers\Abonnements.php(12): view('templates/heade...')
#5 C:\laragon\www\EspaceASM\vendor\codeigniter4\framework\system\CodeIgniter.php(935): App\Controllers\Abonnements->index()
#6 C:\laragon\www\EspaceASM\vendor\codeigniter4\framework\system\CodeIgniter.php(431): CodeIgniter\CodeIgniter->runController(Object(App\Controllers\Abonnements))
#7 C:\laragon\www\EspaceASM\vendor\codeigniter4\framework\system\CodeIgniter.php(332): CodeIgniter\CodeIgniter->handleRequest(NULL, Object(Config\Cache), false)
#8 C:\laragon\www\EspaceASM\public\index.php(44): CodeIgniter\CodeIgniter->run()
#9 {main}
CRITICAL - 2021-04-02 02:01:56 --> Undefined variable: data
#0 C:\laragon\www\EspaceASM\app\Views\templates\default.php(4): CodeIgniter\Debug\Exceptions->errorHandler(8, 'Undefined varia...', 'C:\\laragon\\www\\...', 4, Array)
#1 C:\laragon\www\EspaceASM\vendor\codeigniter4\framework\system\View\View.php(220): include('C:\\laragon\\www\\...')
#2 C:\laragon\www\EspaceASM\vendor\codeigniter4\framework\system\View\View.php(222): CodeIgniter\View\View->CodeIgniter\View\{closure}()
#3 C:\laragon\www\EspaceASM\vendor\codeigniter4\framework\system\Common.php(1217): CodeIgniter\View\View->render('templates/defau...', Array, true)
#4 C:\laragon\www\EspaceASM\app\Controllers\Abonnements.php(12): view('templates/defau...')
#5 C:\laragon\www\EspaceASM\vendor\codeigniter4\framework\system\CodeIgniter.php(935): App\Controllers\Abonnements->index()
#6 C:\laragon\www\EspaceASM\vendor\codeigniter4\framework\system\CodeIgniter.php(431): CodeIgniter\CodeIgniter->runController(Object(App\Controllers\Abonnements))
#7 C:\laragon\www\EspaceASM\vendor\codeigniter4\framework\system\CodeIgniter.php(332): CodeIgniter\CodeIgniter->handleRequest(NULL, Object(Config\Cache), false)
#8 C:\laragon\www\EspaceASM\public\index.php(44): CodeIgniter\CodeIgniter->run()
#9 {main}
CRITICAL - 2021-04-02 02:04:41 --> Namespace declaration statement has to be the very first statement or after any declare call in the script
#0 [internal function]: CodeIgniter\Debug\Exceptions->shutdownHandler()
#1 {main}
CRITICAL - 2021-04-02 02:05:13 --> session_start(): A session had already been started - ignoring
#0 [internal function]: CodeIgniter\Debug\Exceptions->errorHandler(8, 'session_start()...', 'C:\\laragon\\www\\...', 2, Array)
#1 C:\laragon\www\EspaceASM\app\Views\templates\default.php(2): session_start()
#2 C:\laragon\www\EspaceASM\vendor\codeigniter4\framework\system\View\View.php(220): include('C:\\laragon\\www\\...')
#3 C:\laragon\www\EspaceASM\vendor\codeigniter4\framework\system\View\View.php(222): CodeIgniter\View\View->CodeIgniter\View\{closure}()
#4 C:\laragon\www\EspaceASM\vendor\codeigniter4\framework\system\Common.php(1217): CodeIgniter\View\View->render('templates/defau...', Array, true)
#5 C:\laragon\www\EspaceASM\app\Controllers\Abonnements.php(12): view('templates/defau...')
#6 C:\laragon\www\EspaceASM\vendor\codeigniter4\framework\system\CodeIgniter.php(935): App\Controllers\Abonnements->index()
#7 C:\laragon\www\EspaceASM\vendor\codeigniter4\framework\system\CodeIgniter.php(431): CodeIgniter\CodeIgniter->runController(Object(App\Controllers\Abonnements))
#8 C:\laragon\www\EspaceASM\vendor\codeigniter4\framework\system\CodeIgniter.php(332): CodeIgniter\CodeIgniter->handleRequest(NULL, Object(Config\Cache), false)
#9 C:\laragon\www\EspaceASM\public\index.php(44): CodeIgniter\CodeIgniter->run()
#10 {main}
