ERROR - 2021-04-09 07:31:20 --> mysqli_sql_exception: You have an error in your SQL syntax; check the manual that corresponds to your MySQL server version for the right syntax to use near 'IS NULL' at line 3 in C:\laragon\www\EspaceASM\vendor\codeigniter4\framework\system\Database\MySQLi\Connection.php:314
Stack trace:
#0 C:\laragon\www\EspaceASM\vendor\codeigniter4\framework\system\Database\MySQLi\Connection.php(314): mysqli->query('SELECT *\nFROM `...')
#1 C:\laragon\www\EspaceASM\vendor\codeigniter4\framework\system\Database\BaseConnection.php(715): CodeIgniter\Database\MySQLi\Connection->execute('SELECT *\nFROM `...')
#2 C:\laragon\www\EspaceASM\vendor\codeigniter4\framework\system\Database\BaseConnection.php(643): CodeIgniter\Database\BaseConnection->simpleQuery('SELECT *\nFROM `...')
#3 C:\laragon\www\EspaceASM\vendor\codeigniter4\framework\system\Database\BaseBuilder.php(1866): CodeIgniter\Database\BaseConnection->query('SELECT *\nFROM `...', Array, false)
#4 C:\laragon\www\EspaceASM\vendor\codeigniter4\framework\system\Model.php(213): CodeIgniter\Database\BaseBuilder->get()
#5 C:\laragon\www\EspaceASM\vendor\codeigniter4\framework\system\BaseModel.php(583): CodeIgniter\Model->doFindAll(0, 0)
#6 C:\laragon\www\EspaceASM\app\Models\GroupModel.php(41): CodeIgniter\BaseModel->findAll()
#7 C:\laragon\www\EspaceASM\app\Controllers\Groups.php(18): App\Models\GroupModel->list()
#8 C:\laragon\www\EspaceASM\vendor\codeigniter4\framework\system\CodeIgniter.php(935): App\Controllers\Groups->index()
#9 C:\laragon\www\EspaceASM\vendor\codeigniter4\framework\system\CodeIgniter.php(431): CodeIgniter\CodeIgniter->runController(Object(App\Controllers\Groups))
#10 C:\laragon\www\EspaceASM\vendor\codeigniter4\framework\system\CodeIgniter.php(332): CodeIgniter\CodeIgniter->handleRequest(NULL, Object(Config\Cache), false)
#11 C:\laragon\www\EspaceASM\public\index.php(44): CodeIgniter\CodeIgniter->run()
#12 {main}
CRITICAL - 2021-04-09 07:31:20 --> You have an error in your SQL syntax; check the manual that corresponds to your MySQL server version for the right syntax to use near 'IS NULL' at line 3
#0 C:\laragon\www\EspaceASM\vendor\codeigniter4\framework\system\Database\MySQLi\Connection.php(314): mysqli->query('SELECT *\nFROM `...')
#1 C:\laragon\www\EspaceASM\vendor\codeigniter4\framework\system\Database\BaseConnection.php(715): CodeIgniter\Database\MySQLi\Connection->execute('SELECT *\nFROM `...')
#2 C:\laragon\www\EspaceASM\vendor\codeigniter4\framework\system\Database\BaseConnection.php(643): CodeIgniter\Database\BaseConnection->simpleQuery('SELECT *\nFROM `...')
#3 C:\laragon\www\EspaceASM\vendor\codeigniter4\framework\system\Database\BaseBuilder.php(1866): CodeIgniter\Database\BaseConnection->query('SELECT *\nFROM `...', Array, false)
#4 C:\laragon\www\EspaceASM\vendor\codeigniter4\framework\system\Model.php(213): CodeIgniter\Database\BaseBuilder->get()
#5 C:\laragon\www\EspaceASM\vendor\codeigniter4\framework\system\BaseModel.php(583): CodeIgniter\Model->doFindAll(0, 0)
#6 C:\laragon\www\EspaceASM\app\Models\GroupModel.php(41): CodeIgniter\BaseModel->findAll()
#7 C:\laragon\www\EspaceASM\app\Controllers\Groups.php(18): App\Models\GroupModel->list()
#8 C:\laragon\www\EspaceASM\vendor\codeigniter4\framework\system\CodeIgniter.php(935): App\Controllers\Groups->index()
#9 C:\laragon\www\EspaceASM\vendor\codeigniter4\framework\system\CodeIgniter.php(431): CodeIgniter\CodeIgniter->runController(Object(App\Controllers\Groups))
#10 C:\laragon\www\EspaceASM\vendor\codeigniter4\framework\system\CodeIgniter.php(332): CodeIgniter\CodeIgniter->handleRequest(NULL, Object(Config\Cache), false)
#11 C:\laragon\www\EspaceASM\public\index.php(44): CodeIgniter\CodeIgniter->run()
#12 {main}
ERROR - 2021-04-09 07:35:19 --> mysqli_sql_exception: You have an error in your SQL syntax; check the manual that corresponds to your MySQL server version for the right syntax to use near 'IS NULL' at line 3 in C:\laragon\www\EspaceASM\vendor\codeigniter4\framework\system\Database\MySQLi\Connection.php:314
Stack trace:
#0 C:\laragon\www\EspaceASM\vendor\codeigniter4\framework\system\Database\MySQLi\Connection.php(314): mysqli->query('SELECT *\nFROM `...')
#1 C:\laragon\www\EspaceASM\vendor\codeigniter4\framework\system\Database\BaseConnection.php(715): CodeIgniter\Database\MySQLi\Connection->execute('SELECT *\nFROM `...')
#2 C:\laragon\www\EspaceASM\vendor\codeigniter4\framework\system\Database\BaseConnection.php(643): CodeIgniter\Database\BaseConnection->simpleQuery('SELECT *\nFROM `...')
#3 C:\laragon\www\EspaceASM\vendor\codeigniter4\framework\system\Database\BaseBuilder.php(1866): CodeIgniter\Database\BaseConnection->query('SELECT *\nFROM `...', Array, false)
#4 C:\laragon\www\EspaceASM\vendor\codeigniter4\framework\system\Model.php(213): CodeIgniter\Database\BaseBuilder->get()
#5 C:\laragon\www\EspaceASM\vendor\codeigniter4\framework\system\BaseModel.php(583): CodeIgniter\Model->doFindAll(0, 0)
#6 C:\laragon\www\EspaceASM\app\Models\GroupModel.php(41): CodeIgniter\BaseModel->findAll()
#7 C:\laragon\www\EspaceASM\app\Controllers\Groups.php(18): App\Models\GroupModel->list()
#8 C:\laragon\www\EspaceASM\vendor\codeigniter4\framework\system\CodeIgniter.php(935): App\Controllers\Groups->index()
#9 C:\laragon\www\EspaceASM\vendor\codeigniter4\framework\system\CodeIgniter.php(431): CodeIgniter\CodeIgniter->runController(Object(App\Controllers\Groups))
#10 C:\laragon\www\EspaceASM\vendor\codeigniter4\framework\system\CodeIgniter.php(332): CodeIgniter\CodeIgniter->handleRequest(NULL, Object(Config\Cache), false)
#11 C:\laragon\www\EspaceASM\public\index.php(44): CodeIgniter\CodeIgniter->run()
#12 {main}
CRITICAL - 2021-04-09 07:35:19 --> You have an error in your SQL syntax; check the manual that corresponds to your MySQL server version for the right syntax to use near 'IS NULL' at line 3
#0 C:\laragon\www\EspaceASM\vendor\codeigniter4\framework\system\Database\MySQLi\Connection.php(314): mysqli->query('SELECT *\nFROM `...')
#1 C:\laragon\www\EspaceASM\vendor\codeigniter4\framework\system\Database\BaseConnection.php(715): CodeIgniter\Database\MySQLi\Connection->execute('SELECT *\nFROM `...')
#2 C:\laragon\www\EspaceASM\vendor\codeigniter4\framework\system\Database\BaseConnection.php(643): CodeIgniter\Database\BaseConnection->simpleQuery('SELECT *\nFROM `...')
#3 C:\laragon\www\EspaceASM\vendor\codeigniter4\framework\system\Database\BaseBuilder.php(1866): CodeIgniter\Database\BaseConnection->query('SELECT *\nFROM `...', Array, false)
#4 C:\laragon\www\EspaceASM\vendor\codeigniter4\framework\system\Model.php(213): CodeIgniter\Database\BaseBuilder->get()
#5 C:\laragon\www\EspaceASM\vendor\codeigniter4\framework\system\BaseModel.php(583): CodeIgniter\Model->doFindAll(0, 0)
#6 C:\laragon\www\EspaceASM\app\Models\GroupModel.php(41): CodeIgniter\BaseModel->findAll()
#7 C:\laragon\www\EspaceASM\app\Controllers\Groups.php(18): App\Models\GroupModel->list()
#8 C:\laragon\www\EspaceASM\vendor\codeigniter4\framework\system\CodeIgniter.php(935): App\Controllers\Groups->index()
#9 C:\laragon\www\EspaceASM\vendor\codeigniter4\framework\system\CodeIgniter.php(431): CodeIgniter\CodeIgniter->runController(Object(App\Controllers\Groups))
#10 C:\laragon\www\EspaceASM\vendor\codeigniter4\framework\system\CodeIgniter.php(332): CodeIgniter\CodeIgniter->handleRequest(NULL, Object(Config\Cache), false)
#11 C:\laragon\www\EspaceASM\public\index.php(44): CodeIgniter\CodeIgniter->run()
#12 {main}
ERROR - 2021-04-09 07:35:20 --> mysqli_sql_exception: You have an error in your SQL syntax; check the manual that corresponds to your MySQL server version for the right syntax to use near 'IS NULL' at line 3 in C:\laragon\www\EspaceASM\vendor\codeigniter4\framework\system\Database\MySQLi\Connection.php:314
Stack trace:
#0 C:\laragon\www\EspaceASM\vendor\codeigniter4\framework\system\Database\MySQLi\Connection.php(314): mysqli->query('SELECT *\nFROM `...')
#1 C:\laragon\www\EspaceASM\vendor\codeigniter4\framework\system\Database\BaseConnection.php(715): CodeIgniter\Database\MySQLi\Connection->execute('SELECT *\nFROM `...')
#2 C:\laragon\www\EspaceASM\vendor\codeigniter4\framework\system\Database\BaseConnection.php(643): CodeIgniter\Database\BaseConnection->simpleQuery('SELECT *\nFROM `...')
#3 C:\laragon\www\EspaceASM\vendor\codeigniter4\framework\system\Database\BaseBuilder.php(1866): CodeIgniter\Database\BaseConnection->query('SELECT *\nFROM `...', Array, false)
#4 C:\laragon\www\EspaceASM\vendor\codeigniter4\framework\system\Model.php(213): CodeIgniter\Database\BaseBuilder->get()
#5 C:\laragon\www\EspaceASM\vendor\codeigniter4\framework\system\BaseModel.php(583): CodeIgniter\Model->doFindAll(0, 0)
#6 C:\laragon\www\EspaceASM\app\Models\GroupModel.php(41): CodeIgniter\BaseModel->findAll()
#7 C:\laragon\www\EspaceASM\app\Controllers\Groups.php(18): App\Models\GroupModel->list()
#8 C:\laragon\www\EspaceASM\vendor\codeigniter4\framework\system\CodeIgniter.php(935): App\Controllers\Groups->index()
#9 C:\laragon\www\EspaceASM\vendor\codeigniter4\framework\system\CodeIgniter.php(431): CodeIgniter\CodeIgniter->runController(Object(App\Controllers\Groups))
#10 C:\laragon\www\EspaceASM\vendor\codeigniter4\framework\system\CodeIgniter.php(332): CodeIgniter\CodeIgniter->handleRequest(NULL, Object(Config\Cache), false)
#11 C:\laragon\www\EspaceASM\public\index.php(44): CodeIgniter\CodeIgniter->run()
#12 {main}
CRITICAL - 2021-04-09 07:35:20 --> You have an error in your SQL syntax; check the manual that corresponds to your MySQL server version for the right syntax to use near 'IS NULL' at line 3
#0 C:\laragon\www\EspaceASM\vendor\codeigniter4\framework\system\Database\MySQLi\Connection.php(314): mysqli->query('SELECT *\nFROM `...')
#1 C:\laragon\www\EspaceASM\vendor\codeigniter4\framework\system\Database\BaseConnection.php(715): CodeIgniter\Database\MySQLi\Connection->execute('SELECT *\nFROM `...')
#2 C:\laragon\www\EspaceASM\vendor\codeigniter4\framework\system\Database\BaseConnection.php(643): CodeIgniter\Database\BaseConnection->simpleQuery('SELECT *\nFROM `...')
#3 C:\laragon\www\EspaceASM\vendor\codeigniter4\framework\system\Database\BaseBuilder.php(1866): CodeIgniter\Database\BaseConnection->query('SELECT *\nFROM `...', Array, false)
#4 C:\laragon\www\EspaceASM\vendor\codeigniter4\framework\system\Model.php(213): CodeIgniter\Database\BaseBuilder->get()
#5 C:\laragon\www\EspaceASM\vendor\codeigniter4\framework\system\BaseModel.php(583): CodeIgniter\Model->doFindAll(0, 0)
#6 C:\laragon\www\EspaceASM\app\Models\GroupModel.php(41): CodeIgniter\BaseModel->findAll()
#7 C:\laragon\www\EspaceASM\app\Controllers\Groups.php(18): App\Models\GroupModel->list()
#8 C:\laragon\www\EspaceASM\vendor\codeigniter4\framework\system\CodeIgniter.php(935): App\Controllers\Groups->index()
#9 C:\laragon\www\EspaceASM\vendor\codeigniter4\framework\system\CodeIgniter.php(431): CodeIgniter\CodeIgniter->runController(Object(App\Controllers\Groups))
#10 C:\laragon\www\EspaceASM\vendor\codeigniter4\framework\system\CodeIgniter.php(332): CodeIgniter\CodeIgniter->handleRequest(NULL, Object(Config\Cache), false)
#11 C:\laragon\www\EspaceASM\public\index.php(44): CodeIgniter\CodeIgniter->run()
#12 {main}
ERROR - 2021-04-09 07:35:24 --> mysqli_sql_exception: You have an error in your SQL syntax; check the manual that corresponds to your MySQL server version for the right syntax to use near 'IS NULL' at line 3 in C:\laragon\www\EspaceASM\vendor\codeigniter4\framework\system\Database\MySQLi\Connection.php:314
Stack trace:
#0 C:\laragon\www\EspaceASM\vendor\codeigniter4\framework\system\Database\MySQLi\Connection.php(314): mysqli->query('SELECT *\nFROM `...')
#1 C:\laragon\www\EspaceASM\vendor\codeigniter4\framework\system\Database\BaseConnection.php(715): CodeIgniter\Database\MySQLi\Connection->execute('SELECT *\nFROM `...')
#2 C:\laragon\www\EspaceASM\vendor\codeigniter4\framework\system\Database\BaseConnection.php(643): CodeIgniter\Database\BaseConnection->simpleQuery('SELECT *\nFROM `...')
#3 C:\laragon\www\EspaceASM\vendor\codeigniter4\framework\system\Database\BaseBuilder.php(1866): CodeIgniter\Database\BaseConnection->query('SELECT *\nFROM `...', Array, false)
#4 C:\laragon\www\EspaceASM\vendor\codeigniter4\framework\system\Model.php(213): CodeIgniter\Database\BaseBuilder->get()
#5 C:\laragon\www\EspaceASM\vendor\codeigniter4\framework\system\BaseModel.php(583): CodeIgniter\Model->doFindAll(0, 0)
#6 C:\laragon\www\EspaceASM\app\Models\GroupModel.php(41): CodeIgniter\BaseModel->findAll()
#7 C:\laragon\www\EspaceASM\app\Controllers\Groups.php(18): App\Models\GroupModel->list()
#8 C:\laragon\www\EspaceASM\vendor\codeigniter4\framework\system\CodeIgniter.php(935): App\Controllers\Groups->index()
#9 C:\laragon\www\EspaceASM\vendor\codeigniter4\framework\system\CodeIgniter.php(431): CodeIgniter\CodeIgniter->runController(Object(App\Controllers\Groups))
#10 C:\laragon\www\EspaceASM\vendor\codeigniter4\framework\system\CodeIgniter.php(332): CodeIgniter\CodeIgniter->handleRequest(NULL, Object(Config\Cache), false)
#11 C:\laragon\www\EspaceASM\public\index.php(44): CodeIgniter\CodeIgniter->run()
#12 {main}
CRITICAL - 2021-04-09 07:35:24 --> You have an error in your SQL syntax; check the manual that corresponds to your MySQL server version for the right syntax to use near 'IS NULL' at line 3
#0 C:\laragon\www\EspaceASM\vendor\codeigniter4\framework\system\Database\MySQLi\Connection.php(314): mysqli->query('SELECT *\nFROM `...')
#1 C:\laragon\www\EspaceASM\vendor\codeigniter4\framework\system\Database\BaseConnection.php(715): CodeIgniter\Database\MySQLi\Connection->execute('SELECT *\nFROM `...')
#2 C:\laragon\www\EspaceASM\vendor\codeigniter4\framework\system\Database\BaseConnection.php(643): CodeIgniter\Database\BaseConnection->simpleQuery('SELECT *\nFROM `...')
#3 C:\laragon\www\EspaceASM\vendor\codeigniter4\framework\system\Database\BaseBuilder.php(1866): CodeIgniter\Database\BaseConnection->query('SELECT *\nFROM `...', Array, false)
#4 C:\laragon\www\EspaceASM\vendor\codeigniter4\framework\system\Model.php(213): CodeIgniter\Database\BaseBuilder->get()
#5 C:\laragon\www\EspaceASM\vendor\codeigniter4\framework\system\BaseModel.php(583): CodeIgniter\Model->doFindAll(0, 0)
#6 C:\laragon\www\EspaceASM\app\Models\GroupModel.php(41): CodeIgniter\BaseModel->findAll()
#7 C:\laragon\www\EspaceASM\app\Controllers\Groups.php(18): App\Models\GroupModel->list()
#8 C:\laragon\www\EspaceASM\vendor\codeigniter4\framework\system\CodeIgniter.php(935): App\Controllers\Groups->index()
#9 C:\laragon\www\EspaceASM\vendor\codeigniter4\framework\system\CodeIgniter.php(431): CodeIgniter\CodeIgniter->runController(Object(App\Controllers\Groups))
#10 C:\laragon\www\EspaceASM\vendor\codeigniter4\framework\system\CodeIgniter.php(332): CodeIgniter\CodeIgniter->handleRequest(NULL, Object(Config\Cache), false)
#11 C:\laragon\www\EspaceASM\public\index.php(44): CodeIgniter\CodeIgniter->run()
#12 {main}
ERROR - 2021-04-09 07:43:51 --> mysqli_sql_exception: You have an error in your SQL syntax; check the manual that corresponds to your MySQL server version for the right syntax to use near 'IS NULL' at line 3 in C:\laragon\www\EspaceASM\vendor\codeigniter4\framework\system\Database\MySQLi\Connection.php:314
Stack trace:
#0 C:\laragon\www\EspaceASM\vendor\codeigniter4\framework\system\Database\MySQLi\Connection.php(314): mysqli->query('SELECT *\nFROM `...')
#1 C:\laragon\www\EspaceASM\vendor\codeigniter4\framework\system\Database\BaseConnection.php(715): CodeIgniter\Database\MySQLi\Connection->execute('SELECT *\nFROM `...')
#2 C:\laragon\www\EspaceASM\vendor\codeigniter4\framework\system\Database\BaseConnection.php(643): CodeIgniter\Database\BaseConnection->simpleQuery('SELECT *\nFROM `...')
#3 C:\laragon\www\EspaceASM\vendor\codeigniter4\framework\system\Database\BaseBuilder.php(1866): CodeIgniter\Database\BaseConnection->query('SELECT *\nFROM `...', Array, false)
#4 C:\laragon\www\EspaceASM\vendor\codeigniter4\framework\system\Model.php(213): CodeIgniter\Database\BaseBuilder->get()
#5 C:\laragon\www\EspaceASM\vendor\codeigniter4\framework\system\BaseModel.php(583): CodeIgniter\Model->doFindAll(0, 0)
#6 C:\laragon\www\EspaceASM\app\Controllers\Groups.php(18): CodeIgniter\BaseModel->findAll()
#7 C:\laragon\www\EspaceASM\vendor\codeigniter4\framework\system\CodeIgniter.php(935): App\Controllers\Groups->index()
#8 C:\laragon\www\EspaceASM\vendor\codeigniter4\framework\system\CodeIgniter.php(431): CodeIgniter\CodeIgniter->runController(Object(App\Controllers\Groups))
#9 C:\laragon\www\EspaceASM\vendor\codeigniter4\framework\system\CodeIgniter.php(332): CodeIgniter\CodeIgniter->handleRequest(NULL, Object(Config\Cache), false)
#10 C:\laragon\www\EspaceASM\public\index.php(44): CodeIgniter\CodeIgniter->run()
#11 {main}
CRITICAL - 2021-04-09 07:43:51 --> You have an error in your SQL syntax; check the manual that corresponds to your MySQL server version for the right syntax to use near 'IS NULL' at line 3
#0 C:\laragon\www\EspaceASM\vendor\codeigniter4\framework\system\Database\MySQLi\Connection.php(314): mysqli->query('SELECT *\nFROM `...')
#1 C:\laragon\www\EspaceASM\vendor\codeigniter4\framework\system\Database\BaseConnection.php(715): CodeIgniter\Database\MySQLi\Connection->execute('SELECT *\nFROM `...')
#2 C:\laragon\www\EspaceASM\vendor\codeigniter4\framework\system\Database\BaseConnection.php(643): CodeIgniter\Database\BaseConnection->simpleQuery('SELECT *\nFROM `...')
#3 C:\laragon\www\EspaceASM\vendor\codeigniter4\framework\system\Database\BaseBuilder.php(1866): CodeIgniter\Database\BaseConnection->query('SELECT *\nFROM `...', Array, false)
#4 C:\laragon\www\EspaceASM\vendor\codeigniter4\framework\system\Model.php(213): CodeIgniter\Database\BaseBuilder->get()
#5 C:\laragon\www\EspaceASM\vendor\codeigniter4\framework\system\BaseModel.php(583): CodeIgniter\Model->doFindAll(0, 0)
#6 C:\laragon\www\EspaceASM\app\Controllers\Groups.php(18): CodeIgniter\BaseModel->findAll()
#7 C:\laragon\www\EspaceASM\vendor\codeigniter4\framework\system\CodeIgniter.php(935): App\Controllers\Groups->index()
#8 C:\laragon\www\EspaceASM\vendor\codeigniter4\framework\system\CodeIgniter.php(431): CodeIgniter\CodeIgniter->runController(Object(App\Controllers\Groups))
#9 C:\laragon\www\EspaceASM\vendor\codeigniter4\framework\system\CodeIgniter.php(332): CodeIgniter\CodeIgniter->handleRequest(NULL, Object(Config\Cache), false)
#10 C:\laragon\www\EspaceASM\public\index.php(44): CodeIgniter\CodeIgniter->run()
#11 {main}
ERROR - 2021-04-09 08:13:54 --> mysqli_sql_exception: You have an error in your SQL syntax; check the manual that corresponds to your MySQL server version for the right syntax to use near 'IS NULL' at line 3 in C:\laragon\www\EspaceASM\vendor\codeigniter4\framework\system\Database\MySQLi\Connection.php:314
Stack trace:
#0 C:\laragon\www\EspaceASM\vendor\codeigniter4\framework\system\Database\MySQLi\Connection.php(314): mysqli->query('SELECT *\nFROM `...')
#1 C:\laragon\www\EspaceASM\vendor\codeigniter4\framework\system\Database\BaseConnection.php(715): CodeIgniter\Database\MySQLi\Connection->execute('SELECT *\nFROM `...')
#2 C:\laragon\www\EspaceASM\vendor\codeigniter4\framework\system\Database\BaseConnection.php(643): CodeIgniter\Database\BaseConnection->simpleQuery('SELECT *\nFROM `...')
#3 C:\laragon\www\EspaceASM\vendor\codeigniter4\framework\system\Database\BaseBuilder.php(1866): CodeIgniter\Database\BaseConnection->query('SELECT *\nFROM `...', Array, false)
#4 C:\laragon\www\EspaceASM\vendor\codeigniter4\framework\system\Model.php(213): CodeIgniter\Database\BaseBuilder->get()
#5 C:\laragon\www\EspaceASM\vendor\codeigniter4\framework\system\BaseModel.php(583): CodeIgniter\Model->doFindAll(0, 0)
#6 C:\laragon\www\EspaceASM\app\Models\GroupModel.php(41): CodeIgniter\BaseModel->findAll()
#7 C:\laragon\www\EspaceASM\app\Controllers\Groups.php(18): App\Models\GroupModel->list()
#8 C:\laragon\www\EspaceASM\vendor\codeigniter4\framework\system\CodeIgniter.php(935): App\Controllers\Groups->index()
#9 C:\laragon\www\EspaceASM\vendor\codeigniter4\framework\system\CodeIgniter.php(431): CodeIgniter\CodeIgniter->runController(Object(App\Controllers\Groups))
#10 C:\laragon\www\EspaceASM\vendor\codeigniter4\framework\system\CodeIgniter.php(332): CodeIgniter\CodeIgniter->handleRequest(NULL, Object(Config\Cache), false)
#11 C:\laragon\www\EspaceASM\public\index.php(44): CodeIgniter\CodeIgniter->run()
#12 {main}
CRITICAL - 2021-04-09 08:13:54 --> You have an error in your SQL syntax; check the manual that corresponds to your MySQL server version for the right syntax to use near 'IS NULL' at line 3
#0 C:\laragon\www\EspaceASM\vendor\codeigniter4\framework\system\Database\MySQLi\Connection.php(314): mysqli->query('SELECT *\nFROM `...')
#1 C:\laragon\www\EspaceASM\vendor\codeigniter4\framework\system\Database\BaseConnection.php(715): CodeIgniter\Database\MySQLi\Connection->execute('SELECT *\nFROM `...')
#2 C:\laragon\www\EspaceASM\vendor\codeigniter4\framework\system\Database\BaseConnection.php(643): CodeIgniter\Database\BaseConnection->simpleQuery('SELECT *\nFROM `...')
#3 C:\laragon\www\EspaceASM\vendor\codeigniter4\framework\system\Database\BaseBuilder.php(1866): CodeIgniter\Database\BaseConnection->query('SELECT *\nFROM `...', Array, false)
#4 C:\laragon\www\EspaceASM\vendor\codeigniter4\framework\system\Model.php(213): CodeIgniter\Database\BaseBuilder->get()
#5 C:\laragon\www\EspaceASM\vendor\codeigniter4\framework\system\BaseModel.php(583): CodeIgniter\Model->doFindAll(0, 0)
#6 C:\laragon\www\EspaceASM\app\Models\GroupModel.php(41): CodeIgniter\BaseModel->findAll()
#7 C:\laragon\www\EspaceASM\app\Controllers\Groups.php(18): App\Models\GroupModel->list()
#8 C:\laragon\www\EspaceASM\vendor\codeigniter4\framework\system\CodeIgniter.php(935): App\Controllers\Groups->index()
#9 C:\laragon\www\EspaceASM\vendor\codeigniter4\framework\system\CodeIgniter.php(431): CodeIgniter\CodeIgniter->runController(Object(App\Controllers\Groups))
#10 C:\laragon\www\EspaceASM\vendor\codeigniter4\framework\system\CodeIgniter.php(332): CodeIgniter\CodeIgniter->handleRequest(NULL, Object(Config\Cache), false)
#11 C:\laragon\www\EspaceASM\public\index.php(44): CodeIgniter\CodeIgniter->run()
#12 {main}
ERROR - 2021-04-09 08:13:55 --> mysqli_sql_exception: You have an error in your SQL syntax; check the manual that corresponds to your MySQL server version for the right syntax to use near 'IS NULL' at line 3 in C:\laragon\www\EspaceASM\vendor\codeigniter4\framework\system\Database\MySQLi\Connection.php:314
Stack trace:
#0 C:\laragon\www\EspaceASM\vendor\codeigniter4\framework\system\Database\MySQLi\Connection.php(314): mysqli->query('SELECT *\nFROM `...')
#1 C:\laragon\www\EspaceASM\vendor\codeigniter4\framework\system\Database\BaseConnection.php(715): CodeIgniter\Database\MySQLi\Connection->execute('SELECT *\nFROM `...')
#2 C:\laragon\www\EspaceASM\vendor\codeigniter4\framework\system\Database\BaseConnection.php(643): CodeIgniter\Database\BaseConnection->simpleQuery('SELECT *\nFROM `...')
#3 C:\laragon\www\EspaceASM\vendor\codeigniter4\framework\system\Database\BaseBuilder.php(1866): CodeIgniter\Database\BaseConnection->query('SELECT *\nFROM `...', Array, false)
#4 C:\laragon\www\EspaceASM\vendor\codeigniter4\framework\system\Model.php(213): CodeIgniter\Database\BaseBuilder->get()
#5 C:\laragon\www\EspaceASM\vendor\codeigniter4\framework\system\BaseModel.php(583): CodeIgniter\Model->doFindAll(0, 0)
#6 C:\laragon\www\EspaceASM\app\Models\GroupModel.php(41): CodeIgniter\BaseModel->findAll()
#7 C:\laragon\www\EspaceASM\app\Controllers\Groups.php(18): App\Models\GroupModel->list()
#8 C:\laragon\www\EspaceASM\vendor\codeigniter4\framework\system\CodeIgniter.php(935): App\Controllers\Groups->index()
#9 C:\laragon\www\EspaceASM\vendor\codeigniter4\framework\system\CodeIgniter.php(431): CodeIgniter\CodeIgniter->runController(Object(App\Controllers\Groups))
#10 C:\laragon\www\EspaceASM\vendor\codeigniter4\framework\system\CodeIgniter.php(332): CodeIgniter\CodeIgniter->handleRequest(NULL, Object(Config\Cache), false)
#11 C:\laragon\www\EspaceASM\public\index.php(44): CodeIgniter\CodeIgniter->run()
#12 {main}
CRITICAL - 2021-04-09 08:13:55 --> You have an error in your SQL syntax; check the manual that corresponds to your MySQL server version for the right syntax to use near 'IS NULL' at line 3
#0 C:\laragon\www\EspaceASM\vendor\codeigniter4\framework\system\Database\MySQLi\Connection.php(314): mysqli->query('SELECT *\nFROM `...')
#1 C:\laragon\www\EspaceASM\vendor\codeigniter4\framework\system\Database\BaseConnection.php(715): CodeIgniter\Database\MySQLi\Connection->execute('SELECT *\nFROM `...')
#2 C:\laragon\www\EspaceASM\vendor\codeigniter4\framework\system\Database\BaseConnection.php(643): CodeIgniter\Database\BaseConnection->simpleQuery('SELECT *\nFROM `...')
#3 C:\laragon\www\EspaceASM\vendor\codeigniter4\framework\system\Database\BaseBuilder.php(1866): CodeIgniter\Database\BaseConnection->query('SELECT *\nFROM `...', Array, false)
#4 C:\laragon\www\EspaceASM\vendor\codeigniter4\framework\system\Model.php(213): CodeIgniter\Database\BaseBuilder->get()
#5 C:\laragon\www\EspaceASM\vendor\codeigniter4\framework\system\BaseModel.php(583): CodeIgniter\Model->doFindAll(0, 0)
#6 C:\laragon\www\EspaceASM\app\Models\GroupModel.php(41): CodeIgniter\BaseModel->findAll()
#7 C:\laragon\www\EspaceASM\app\Controllers\Groups.php(18): App\Models\GroupModel->list()
#8 C:\laragon\www\EspaceASM\vendor\codeigniter4\framework\system\CodeIgniter.php(935): App\Controllers\Groups->index()
#9 C:\laragon\www\EspaceASM\vendor\codeigniter4\framework\system\CodeIgniter.php(431): CodeIgniter\CodeIgniter->runController(Object(App\Controllers\Groups))
#10 C:\laragon\www\EspaceASM\vendor\codeigniter4\framework\system\CodeIgniter.php(332): CodeIgniter\CodeIgniter->handleRequest(NULL, Object(Config\Cache), false)
#11 C:\laragon\www\EspaceASM\public\index.php(44): CodeIgniter\CodeIgniter->run()
#12 {main}
ERROR - 2021-04-09 08:13:58 --> mysqli_sql_exception: You have an error in your SQL syntax; check the manual that corresponds to your MySQL server version for the right syntax to use near 'IS NULL' at line 3 in C:\laragon\www\EspaceASM\vendor\codeigniter4\framework\system\Database\MySQLi\Connection.php:314
Stack trace:
#0 C:\laragon\www\EspaceASM\vendor\codeigniter4\framework\system\Database\MySQLi\Connection.php(314): mysqli->query('SELECT *\nFROM `...')
#1 C:\laragon\www\EspaceASM\vendor\codeigniter4\framework\system\Database\BaseConnection.php(715): CodeIgniter\Database\MySQLi\Connection->execute('SELECT *\nFROM `...')
#2 C:\laragon\www\EspaceASM\vendor\codeigniter4\framework\system\Database\BaseConnection.php(643): CodeIgniter\Database\BaseConnection->simpleQuery('SELECT *\nFROM `...')
#3 C:\laragon\www\EspaceASM\vendor\codeigniter4\framework\system\Database\BaseBuilder.php(1866): CodeIgniter\Database\BaseConnection->query('SELECT *\nFROM `...', Array, false)
#4 C:\laragon\www\EspaceASM\vendor\codeigniter4\framework\system\Model.php(213): CodeIgniter\Database\BaseBuilder->get()
#5 C:\laragon\www\EspaceASM\vendor\codeigniter4\framework\system\BaseModel.php(583): CodeIgniter\Model->doFindAll(0, 0)
#6 C:\laragon\www\EspaceASM\app\Models\GroupModel.php(41): CodeIgniter\BaseModel->findAll()
#7 C:\laragon\www\EspaceASM\app\Controllers\Groups.php(18): App\Models\GroupModel->list()
#8 C:\laragon\www\EspaceASM\vendor\codeigniter4\framework\system\CodeIgniter.php(935): App\Controllers\Groups->index()
#9 C:\laragon\www\EspaceASM\vendor\codeigniter4\framework\system\CodeIgniter.php(431): CodeIgniter\CodeIgniter->runController(Object(App\Controllers\Groups))
#10 C:\laragon\www\EspaceASM\vendor\codeigniter4\framework\system\CodeIgniter.php(332): CodeIgniter\CodeIgniter->handleRequest(NULL, Object(Config\Cache), false)
#11 C:\laragon\www\EspaceASM\public\index.php(44): CodeIgniter\CodeIgniter->run()
#12 {main}
CRITICAL - 2021-04-09 08:13:58 --> You have an error in your SQL syntax; check the manual that corresponds to your MySQL server version for the right syntax to use near 'IS NULL' at line 3
#0 C:\laragon\www\EspaceASM\vendor\codeigniter4\framework\system\Database\MySQLi\Connection.php(314): mysqli->query('SELECT *\nFROM `...')
#1 C:\laragon\www\EspaceASM\vendor\codeigniter4\framework\system\Database\BaseConnection.php(715): CodeIgniter\Database\MySQLi\Connection->execute('SELECT *\nFROM `...')
#2 C:\laragon\www\EspaceASM\vendor\codeigniter4\framework\system\Database\BaseConnection.php(643): CodeIgniter\Database\BaseConnection->simpleQuery('SELECT *\nFROM `...')
#3 C:\laragon\www\EspaceASM\vendor\codeigniter4\framework\system\Database\BaseBuilder.php(1866): CodeIgniter\Database\BaseConnection->query('SELECT *\nFROM `...', Array, false)
#4 C:\laragon\www\EspaceASM\vendor\codeigniter4\framework\system\Model.php(213): CodeIgniter\Database\BaseBuilder->get()
#5 C:\laragon\www\EspaceASM\vendor\codeigniter4\framework\system\BaseModel.php(583): CodeIgniter\Model->doFindAll(0, 0)
#6 C:\laragon\www\EspaceASM\app\Models\GroupModel.php(41): CodeIgniter\BaseModel->findAll()
#7 C:\laragon\www\EspaceASM\app\Controllers\Groups.php(18): App\Models\GroupModel->list()
#8 C:\laragon\www\EspaceASM\vendor\codeigniter4\framework\system\CodeIgniter.php(935): App\Controllers\Groups->index()
#9 C:\laragon\www\EspaceASM\vendor\codeigniter4\framework\system\CodeIgniter.php(431): CodeIgniter\CodeIgniter->runController(Object(App\Controllers\Groups))
#10 C:\laragon\www\EspaceASM\vendor\codeigniter4\framework\system\CodeIgniter.php(332): CodeIgniter\CodeIgniter->handleRequest(NULL, Object(Config\Cache), false)
#11 C:\laragon\www\EspaceASM\public\index.php(44): CodeIgniter\CodeIgniter->run()
#12 {main}
ERROR - 2021-04-09 08:16:25 --> mysqli_sql_exception: You have an error in your SQL syntax; check the manual that corresponds to your MySQL server version for the right syntax to use near 'IS NULL
AND `group`.`id` IN (1,2)' at line 3 in C:\laragon\www\EspaceASM\vendor\codeigniter4\framework\system\Database\MySQLi\Connection.php:314
Stack trace:
#0 C:\laragon\www\EspaceASM\vendor\codeigniter4\framework\system\Database\MySQLi\Connection.php(314): mysqli->query('SELECT *\nFROM `...')
#1 C:\laragon\www\EspaceASM\vendor\codeigniter4\framework\system\Database\BaseConnection.php(715): CodeIgniter\Database\MySQLi\Connection->execute('SELECT *\nFROM `...')
#2 C:\laragon\www\EspaceASM\vendor\codeigniter4\framework\system\Database\BaseConnection.php(643): CodeIgniter\Database\BaseConnection->simpleQuery('SELECT *\nFROM `...')
#3 C:\laragon\www\EspaceASM\vendor\codeigniter4\framework\system\Database\BaseBuilder.php(1866): CodeIgniter\Database\BaseConnection->query('SELECT *\nFROM `...', Array, false)
#4 C:\laragon\www\EspaceASM\vendor\codeigniter4\framework\system\Model.php(163): CodeIgniter\Database\BaseBuilder->get()
#5 C:\laragon\www\EspaceASM\vendor\codeigniter4\framework\system\BaseModel.php(518): CodeIgniter\Model->doFind(false, Array)
#6 C:\laragon\www\EspaceASM\app\Models\GroupModel.php(41): CodeIgniter\BaseModel->find(Array)
#7 C:\laragon\www\EspaceASM\app\Controllers\Groups.php(18): App\Models\GroupModel->list()
#8 C:\laragon\www\EspaceASM\vendor\codeigniter4\framework\system\CodeIgniter.php(935): App\Controllers\Groups->index()
#9 C:\laragon\www\EspaceASM\vendor\codeigniter4\framework\system\CodeIgniter.php(431): CodeIgniter\CodeIgniter->runController(Object(App\Controllers\Groups))
#10 C:\laragon\www\EspaceASM\vendor\codeigniter4\framework\system\CodeIgniter.php(332): CodeIgniter\CodeIgniter->handleRequest(NULL, Object(Config\Cache), false)
#11 C:\laragon\www\EspaceASM\public\index.php(44): CodeIgniter\CodeIgniter->run()
#12 {main}
CRITICAL - 2021-04-09 08:16:25 --> You have an error in your SQL syntax; check the manual that corresponds to your MySQL server version for the right syntax to use near 'IS NULL
AND `group`.`id` IN (1,2)' at line 3
#0 C:\laragon\www\EspaceASM\vendor\codeigniter4\framework\system\Database\MySQLi\Connection.php(314): mysqli->query('SELECT *\nFROM `...')
#1 C:\laragon\www\EspaceASM\vendor\codeigniter4\framework\system\Database\BaseConnection.php(715): CodeIgniter\Database\MySQLi\Connection->execute('SELECT *\nFROM `...')
#2 C:\laragon\www\EspaceASM\vendor\codeigniter4\framework\system\Database\BaseConnection.php(643): CodeIgniter\Database\BaseConnection->simpleQuery('SELECT *\nFROM `...')
#3 C:\laragon\www\EspaceASM\vendor\codeigniter4\framework\system\Database\BaseBuilder.php(1866): CodeIgniter\Database\BaseConnection->query('SELECT *\nFROM `...', Array, false)
#4 C:\laragon\www\EspaceASM\vendor\codeigniter4\framework\system\Model.php(163): CodeIgniter\Database\BaseBuilder->get()
#5 C:\laragon\www\EspaceASM\vendor\codeigniter4\framework\system\BaseModel.php(518): CodeIgniter\Model->doFind(false, Array)
#6 C:\laragon\www\EspaceASM\app\Models\GroupModel.php(41): CodeIgniter\BaseModel->find(Array)
#7 C:\laragon\www\EspaceASM\app\Controllers\Groups.php(18): App\Models\GroupModel->list()
#8 C:\laragon\www\EspaceASM\vendor\codeigniter4\framework\system\CodeIgniter.php(935): App\Controllers\Groups->index()
#9 C:\laragon\www\EspaceASM\vendor\codeigniter4\framework\system\CodeIgniter.php(431): CodeIgniter\CodeIgniter->runController(Object(App\Controllers\Groups))
#10 C:\laragon\www\EspaceASM\vendor\codeigniter4\framework\system\CodeIgniter.php(332): CodeIgniter\CodeIgniter->handleRequest(NULL, Object(Config\Cache), false)
#11 C:\laragon\www\EspaceASM\public\index.php(44): CodeIgniter\CodeIgniter->run()
#12 {main}
ERROR - 2021-04-09 08:16:26 --> mysqli_sql_exception: You have an error in your SQL syntax; check the manual that corresponds to your MySQL server version for the right syntax to use near 'IS NULL
AND `group`.`id` IN (1,2)' at line 3 in C:\laragon\www\EspaceASM\vendor\codeigniter4\framework\system\Database\MySQLi\Connection.php:314
Stack trace:
#0 C:\laragon\www\EspaceASM\vendor\codeigniter4\framework\system\Database\MySQLi\Connection.php(314): mysqli->query('SELECT *\nFROM `...')
#1 C:\laragon\www\EspaceASM\vendor\codeigniter4\framework\system\Database\BaseConnection.php(715): CodeIgniter\Database\MySQLi\Connection->execute('SELECT *\nFROM `...')
#2 C:\laragon\www\EspaceASM\vendor\codeigniter4\framework\system\Database\BaseConnection.php(643): CodeIgniter\Database\BaseConnection->simpleQuery('SELECT *\nFROM `...')
#3 C:\laragon\www\EspaceASM\vendor\codeigniter4\framework\system\Database\BaseBuilder.php(1866): CodeIgniter\Database\BaseConnection->query('SELECT *\nFROM `...', Array, false)
#4 C:\laragon\www\EspaceASM\vendor\codeigniter4\framework\system\Model.php(163): CodeIgniter\Database\BaseBuilder->get()
#5 C:\laragon\www\EspaceASM\vendor\codeigniter4\framework\system\BaseModel.php(518): CodeIgniter\Model->doFind(false, Array)
#6 C:\laragon\www\EspaceASM\app\Models\GroupModel.php(41): CodeIgniter\BaseModel->find(Array)
#7 C:\laragon\www\EspaceASM\app\Controllers\Groups.php(18): App\Models\GroupModel->list()
#8 C:\laragon\www\EspaceASM\vendor\codeigniter4\framework\system\CodeIgniter.php(935): App\Controllers\Groups->index()
#9 C:\laragon\www\EspaceASM\vendor\codeigniter4\framework\system\CodeIgniter.php(431): CodeIgniter\CodeIgniter->runController(Object(App\Controllers\Groups))
#10 C:\laragon\www\EspaceASM\vendor\codeigniter4\framework\system\CodeIgniter.php(332): CodeIgniter\CodeIgniter->handleRequest(NULL, Object(Config\Cache), false)
#11 C:\laragon\www\EspaceASM\public\index.php(44): CodeIgniter\CodeIgniter->run()
#12 {main}
CRITICAL - 2021-04-09 08:16:26 --> You have an error in your SQL syntax; check the manual that corresponds to your MySQL server version for the right syntax to use near 'IS NULL
AND `group`.`id` IN (1,2)' at line 3
#0 C:\laragon\www\EspaceASM\vendor\codeigniter4\framework\system\Database\MySQLi\Connection.php(314): mysqli->query('SELECT *\nFROM `...')
#1 C:\laragon\www\EspaceASM\vendor\codeigniter4\framework\system\Database\BaseConnection.php(715): CodeIgniter\Database\MySQLi\Connection->execute('SELECT *\nFROM `...')
#2 C:\laragon\www\EspaceASM\vendor\codeigniter4\framework\system\Database\BaseConnection.php(643): CodeIgniter\Database\BaseConnection->simpleQuery('SELECT *\nFROM `...')
#3 C:\laragon\www\EspaceASM\vendor\codeigniter4\framework\system\Database\BaseBuilder.php(1866): CodeIgniter\Database\BaseConnection->query('SELECT *\nFROM `...', Array, false)
#4 C:\laragon\www\EspaceASM\vendor\codeigniter4\framework\system\Model.php(163): CodeIgniter\Database\BaseBuilder->get()
#5 C:\laragon\www\EspaceASM\vendor\codeigniter4\framework\system\BaseModel.php(518): CodeIgniter\Model->doFind(false, Array)
#6 C:\laragon\www\EspaceASM\app\Models\GroupModel.php(41): CodeIgniter\BaseModel->find(Array)
#7 C:\laragon\www\EspaceASM\app\Controllers\Groups.php(18): App\Models\GroupModel->list()
#8 C:\laragon\www\EspaceASM\vendor\codeigniter4\framework\system\CodeIgniter.php(935): App\Controllers\Groups->index()
#9 C:\laragon\www\EspaceASM\vendor\codeigniter4\framework\system\CodeIgniter.php(431): CodeIgniter\CodeIgniter->runController(Object(App\Controllers\Groups))
#10 C:\laragon\www\EspaceASM\vendor\codeigniter4\framework\system\CodeIgniter.php(332): CodeIgniter\CodeIgniter->handleRequest(NULL, Object(Config\Cache), false)
#11 C:\laragon\www\EspaceASM\public\index.php(44): CodeIgniter\CodeIgniter->run()
#12 {main}
ERROR - 2021-04-09 08:17:28 --> mysqli_sql_exception: You have an error in your SQL syntax; check the manual that corresponds to your MySQL server version for the right syntax to use near 'IS NULL
AND `group`.`id` IN (1,2)' at line 3 in C:\laragon\www\EspaceASM\vendor\codeigniter4\framework\system\Database\MySQLi\Connection.php:314
Stack trace:
#0 C:\laragon\www\EspaceASM\vendor\codeigniter4\framework\system\Database\MySQLi\Connection.php(314): mysqli->query('SELECT *\nFROM `...')
#1 C:\laragon\www\EspaceASM\vendor\codeigniter4\framework\system\Database\BaseConnection.php(715): CodeIgniter\Database\MySQLi\Connection->execute('SELECT *\nFROM `...')
#2 C:\laragon\www\EspaceASM\vendor\codeigniter4\framework\system\Database\BaseConnection.php(643): CodeIgniter\Database\BaseConnection->simpleQuery('SELECT *\nFROM `...')
#3 C:\laragon\www\EspaceASM\vendor\codeigniter4\framework\system\Database\BaseBuilder.php(1866): CodeIgniter\Database\BaseConnection->query('SELECT *\nFROM `...', Array, false)
#4 C:\laragon\www\EspaceASM\vendor\codeigniter4\framework\system\Model.php(163): CodeIgniter\Database\BaseBuilder->get()
#5 C:\laragon\www\EspaceASM\vendor\codeigniter4\framework\system\BaseModel.php(518): CodeIgniter\Model->doFind(false, Array)
#6 C:\laragon\www\EspaceASM\app\Models\GroupModel.php(41): CodeIgniter\BaseModel->find(Array)
#7 C:\laragon\www\EspaceASM\app\Controllers\Groups.php(18): App\Models\GroupModel->list()
#8 C:\laragon\www\EspaceASM\vendor\codeigniter4\framework\system\CodeIgniter.php(935): App\Controllers\Groups->index()
#9 C:\laragon\www\EspaceASM\vendor\codeigniter4\framework\system\CodeIgniter.php(431): CodeIgniter\CodeIgniter->runController(Object(App\Controllers\Groups))
#10 C:\laragon\www\EspaceASM\vendor\codeigniter4\framework\system\CodeIgniter.php(332): CodeIgniter\CodeIgniter->handleRequest(NULL, Object(Config\Cache), false)
#11 C:\laragon\www\EspaceASM\public\index.php(44): CodeIgniter\CodeIgniter->run()
#12 {main}
CRITICAL - 2021-04-09 08:17:28 --> You have an error in your SQL syntax; check the manual that corresponds to your MySQL server version for the right syntax to use near 'IS NULL
AND `group`.`id` IN (1,2)' at line 3
#0 C:\laragon\www\EspaceASM\vendor\codeigniter4\framework\system\Database\MySQLi\Connection.php(314): mysqli->query('SELECT *\nFROM `...')
#1 C:\laragon\www\EspaceASM\vendor\codeigniter4\framework\system\Database\BaseConnection.php(715): CodeIgniter\Database\MySQLi\Connection->execute('SELECT *\nFROM `...')
#2 C:\laragon\www\EspaceASM\vendor\codeigniter4\framework\system\Database\BaseConnection.php(643): CodeIgniter\Database\BaseConnection->simpleQuery('SELECT *\nFROM `...')
#3 C:\laragon\www\EspaceASM\vendor\codeigniter4\framework\system\Database\BaseBuilder.php(1866): CodeIgniter\Database\BaseConnection->query('SELECT *\nFROM `...', Array, false)
#4 C:\laragon\www\EspaceASM\vendor\codeigniter4\framework\system\Model.php(163): CodeIgniter\Database\BaseBuilder->get()
#5 C:\laragon\www\EspaceASM\vendor\codeigniter4\framework\system\BaseModel.php(518): CodeIgniter\Model->doFind(false, Array)
#6 C:\laragon\www\EspaceASM\app\Models\GroupModel.php(41): CodeIgniter\BaseModel->find(Array)
#7 C:\laragon\www\EspaceASM\app\Controllers\Groups.php(18): App\Models\GroupModel->list()
#8 C:\laragon\www\EspaceASM\vendor\codeigniter4\framework\system\CodeIgniter.php(935): App\Controllers\Groups->index()
#9 C:\laragon\www\EspaceASM\vendor\codeigniter4\framework\system\CodeIgniter.php(431): CodeIgniter\CodeIgniter->runController(Object(App\Controllers\Groups))
#10 C:\laragon\www\EspaceASM\vendor\codeigniter4\framework\system\CodeIgniter.php(332): CodeIgniter\CodeIgniter->handleRequest(NULL, Object(Config\Cache), false)
#11 C:\laragon\www\EspaceASM\public\index.php(44): CodeIgniter\CodeIgniter->run()
#12 {main}
CRITICAL - 2021-04-09 08:17:51 --> Argument 2 passed to view() must be of the type array, null given, called in C:\laragon\www\EspaceASM\app\Controllers\Groups.php on line 19
#0 C:\laragon\www\EspaceASM\app\Controllers\Groups.php(19): view('Application/Gro...', NULL)
#1 C:\laragon\www\EspaceASM\vendor\codeigniter4\framework\system\CodeIgniter.php(935): App\Controllers\Groups->index()
#2 C:\laragon\www\EspaceASM\vendor\codeigniter4\framework\system\CodeIgniter.php(431): CodeIgniter\CodeIgniter->runController(Object(App\Controllers\Groups))
#3 C:\laragon\www\EspaceASM\vendor\codeigniter4\framework\system\CodeIgniter.php(332): CodeIgniter\CodeIgniter->handleRequest(NULL, Object(Config\Cache), false)
#4 C:\laragon\www\EspaceASM\public\index.php(44): CodeIgniter\CodeIgniter->run()
#5 {main}
