CRITICAL - 2021-04-12 00:21:33 --> Cannot use object of type CodeIgniter\Session\Session as array
#0 C:\laragon\www\EspaceASM\vendor\codeigniter4\framework\system\CodeIgniter.php(935): App\Controllers\Setup->index()
#1 C:\laragon\www\EspaceASM\vendor\codeigniter4\framework\system\CodeIgniter.php(431): CodeIgniter\CodeIgniter->runController(Object(App\Controllers\Setup))
#2 C:\laragon\www\EspaceASM\vendor\codeigniter4\framework\system\CodeIgniter.php(332): CodeIgniter\CodeIgniter->handleRequest(NULL, Object(Config\Cache), false)
#3 C:\laragon\www\EspaceASM\public\index.php(44): CodeIgniter\CodeIgniter->run()
#4 {main}
CRITICAL - 2021-04-12 00:24:04 --> Undefined variable: session
#0 C:\laragon\www\EspaceASM\app\Views\Application\Setup\index.php(7): CodeIgniter\Debug\Exceptions->errorHandler(8, 'Undefined varia...', 'C:\\laragon\\www\\...', 7, Array)
#1 C:\laragon\www\EspaceASM\vendor\codeigniter4\framework\system\View\View.php(220): include('C:\\laragon\\www\\...')
#2 C:\laragon\www\EspaceASM\vendor\codeigniter4\framework\system\View\View.php(222): CodeIgniter\View\View->CodeIgniter\View\{closure}()
#3 C:\laragon\www\EspaceASM\vendor\codeigniter4\framework\system\Common.php(1217): CodeIgniter\View\View->render('Application/Set...', Array, true)
#4 C:\laragon\www\EspaceASM\app\Controllers\Setup.php(11): view('Application/Set...')
#5 C:\laragon\www\EspaceASM\vendor\codeigniter4\framework\system\CodeIgniter.php(935): App\Controllers\Setup->index()
#6 C:\laragon\www\EspaceASM\vendor\codeigniter4\framework\system\CodeIgniter.php(431): CodeIgniter\CodeIgniter->runController(Object(App\Controllers\Setup))
#7 C:\laragon\www\EspaceASM\vendor\codeigniter4\framework\system\CodeIgniter.php(332): CodeIgniter\CodeIgniter->handleRequest(NULL, Object(Config\Cache), false)
#8 C:\laragon\www\EspaceASM\public\index.php(44): CodeIgniter\CodeIgniter->run()
#9 {main}
CRITICAL - 2021-04-12 21:11:49 --> Undefined variable: titre
#0 C:\laragon\www\EspaceASM\app\Views\templates\default.php(6): CodeIgniter\Debug\Exceptions->errorHandler(8, 'Undefined varia...', 'C:\\laragon\\www\\...', 6, Array)
#1 C:\laragon\www\EspaceASM\vendor\codeigniter4\framework\system\View\View.php(220): include('C:\\laragon\\www\\...')
#2 C:\laragon\www\EspaceASM\vendor\codeigniter4\framework\system\View\View.php(222): CodeIgniter\View\View->CodeIgniter\View\{closure}()
#3 C:\laragon\www\EspaceASM\vendor\codeigniter4\framework\system\View\View.php(236): CodeIgniter\View\View->render('templates/defau...', Array, true)
#4 C:\laragon\www\EspaceASM\vendor\codeigniter4\framework\system\Common.php(1217): CodeIgniter\View\View->render('Application/Use...', Array, true)
#5 C:\laragon\www\EspaceASM\app\Controllers\Users.php(17): view('Application/Use...')
#6 C:\laragon\www\EspaceASM\vendor\codeigniter4\framework\system\CodeIgniter.php(935): App\Controllers\Users->index()
#7 C:\laragon\www\EspaceASM\vendor\codeigniter4\framework\system\CodeIgniter.php(431): CodeIgniter\CodeIgniter->runController(Object(App\Controllers\Users))
#8 C:\laragon\www\EspaceASM\vendor\codeigniter4\framework\system\CodeIgniter.php(332): CodeIgniter\CodeIgniter->handleRequest(NULL, Object(Config\Cache), false)
#9 C:\laragon\www\EspaceASM\public\index.php(44): CodeIgniter\CodeIgniter->run()
#10 {main}
