CRITICAL - 2021-04-05 01:22:45 --> Invalid file: Application/System/CORE_UNLOCK_PROCEDURE.php
#0 C:\laragon\www\EspaceASM\vendor\codeigniter4\framework\system\View\View.php(203): CodeIgniter\Exceptions\FrameworkException::forInvalidFile('Application/Sys...')
#1 C:\laragon\www\EspaceASM\vendor\codeigniter4\framework\system\Common.php(1217): CodeIgniter\View\View->render('Application/Sys...', Array, true)
#2 C:\laragon\www\EspaceASM\app\Controllers\System.php(18): view('Application/Sys...')
#3 C:\laragon\www\EspaceASM\vendor\codeigniter4\framework\system\CodeIgniter.php(935): App\Controllers\System->CORE_UNLOCK_PROCEDURE()
#4 C:\laragon\www\EspaceASM\vendor\codeigniter4\framework\system\CodeIgniter.php(431): CodeIgniter\CodeIgniter->runController(Object(App\Controllers\System))
#5 C:\laragon\www\EspaceASM\vendor\codeigniter4\framework\system\CodeIgniter.php(332): CodeIgniter\CodeIgniter->handleRequest(NULL, Object(Config\Cache), false)
#6 C:\laragon\www\EspaceASM\public\index.php(44): CodeIgniter\CodeIgniter->run()
#7 {main}
CRITICAL - 2021-04-05 01:30:10 --> syntax error, unexpected 'return' (T_RETURN)
#0 C:\laragon\www\EspaceASM\vendor\codeigniter4\framework\system\Router\Router.php(170): CodeIgniter\Router\Router->autoRoute('System/CORE_UNL...')
#1 C:\laragon\www\EspaceASM\vendor\codeigniter4\framework\system\CodeIgniter.php(815): CodeIgniter\Router\Router->handle('System/CORE_UNL...')
#2 C:\laragon\www\EspaceASM\vendor\codeigniter4\framework\system\CodeIgniter.php(384): CodeIgniter\CodeIgniter->tryToRouteIt(Object(CodeIgniter\Router\RouteCollection))
#3 C:\laragon\www\EspaceASM\vendor\codeigniter4\framework\system\CodeIgniter.php(332): CodeIgniter\CodeIgniter->handleRequest(NULL, Object(Config\Cache), false)
#4 C:\laragon\www\EspaceASM\public\index.php(44): CodeIgniter\CodeIgniter->run()
#5 {main}
CRITICAL - 2021-04-05 17:35:16 --> Undefined variable: core_status
#0 C:\wamp64\www\EspaceASM\app\Views\Application\System\appstore.php(44): CodeIgniter\Debug\Exceptions->errorHandler(8, 'Undefined varia...', 'C:\\wamp64\\www\\E...', 44, Array)
#1 C:\wamp64\www\EspaceASM\vendor\codeigniter4\framework\system\View\View.php(220): include('C:\\wamp64\\www\\E...')
#2 C:\wamp64\www\EspaceASM\vendor\codeigniter4\framework\system\View\View.php(222): CodeIgniter\View\View->CodeIgniter\View\{closure}()
#3 C:\wamp64\www\EspaceASM\vendor\codeigniter4\framework\system\Common.php(1217): CodeIgniter\View\View->render('Application/Sys...', Array, true)
#4 C:\wamp64\www\EspaceASM\app\Controllers\System.php(31): view('Application/Sys...')
#5 C:\wamp64\www\EspaceASM\vendor\codeigniter4\framework\system\CodeIgniter.php(935): App\Controllers\System->appstore()
#6 C:\wamp64\www\EspaceASM\vendor\codeigniter4\framework\system\CodeIgniter.php(431): CodeIgniter\CodeIgniter->runController(Object(App\Controllers\System))
#7 C:\wamp64\www\EspaceASM\vendor\codeigniter4\framework\system\CodeIgniter.php(332): CodeIgniter\CodeIgniter->handleRequest(NULL, Object(Config\Cache), false)
#8 C:\wamp64\www\EspaceASM\public\index.php(44): CodeIgniter\CodeIgniter->run()
#9 {main}
CRITICAL - 2021-04-05 17:35:38 --> syntax error, unexpected 'if' (T_IF)
#0 C:\wamp64\www\EspaceASM\vendor\codeigniter4\framework\system\View\View.php(222): CodeIgniter\View\View->CodeIgniter\View\{closure}()
#1 C:\wamp64\www\EspaceASM\vendor\codeigniter4\framework\system\Common.php(1217): CodeIgniter\View\View->render('Application/Sys...', Array, true)
#2 C:\wamp64\www\EspaceASM\app\Controllers\System.php(31): view('Application/Sys...')
#3 C:\wamp64\www\EspaceASM\vendor\codeigniter4\framework\system\CodeIgniter.php(935): App\Controllers\System->appstore()
#4 C:\wamp64\www\EspaceASM\vendor\codeigniter4\framework\system\CodeIgniter.php(431): CodeIgniter\CodeIgniter->runController(Object(App\Controllers\System))
#5 C:\wamp64\www\EspaceASM\vendor\codeigniter4\framework\system\CodeIgniter.php(332): CodeIgniter\CodeIgniter->handleRequest(NULL, Object(Config\Cache), false)
#6 C:\wamp64\www\EspaceASM\public\index.php(44): CodeIgniter\CodeIgniter->run()
#7 {main}
CRITICAL - 2021-04-05 17:57:22 --> Invalid file: Application/Setup/index.php
#0 C:\wamp64\www\EspaceASM\vendor\codeigniter4\framework\system\View\View.php(203): CodeIgniter\Exceptions\FrameworkException::forInvalidFile('Application/Set...')
#1 C:\wamp64\www\EspaceASM\vendor\codeigniter4\framework\system\Common.php(1217): CodeIgniter\View\View->render('Application/Set...', Array, true)
#2 C:\wamp64\www\EspaceASM\app\Controllers\Setup.php(9): view('Application/Set...')
#3 C:\wamp64\www\EspaceASM\vendor\codeigniter4\framework\system\CodeIgniter.php(935): App\Controllers\Setup->index()
#4 C:\wamp64\www\EspaceASM\vendor\codeigniter4\framework\system\CodeIgniter.php(431): CodeIgniter\CodeIgniter->runController(Object(App\Controllers\Setup))
#5 C:\wamp64\www\EspaceASM\vendor\codeigniter4\framework\system\CodeIgniter.php(332): CodeIgniter\CodeIgniter->handleRequest(NULL, Object(Config\Cache), false)
#6 C:\wamp64\www\EspaceASM\public\index.php(44): CodeIgniter\CodeIgniter->run()
#7 {main}
CRITICAL - 2021-04-05 18:00:00 --> Undefined variable: _SESSION
#0 C:\wamp64\www\EspaceASM\app\Views\Application\Setup\index.php(7): CodeIgniter\Debug\Exceptions->errorHandler(8, 'Undefined varia...', 'C:\\wamp64\\www\\E...', 7, Array)
#1 C:\wamp64\www\EspaceASM\vendor\codeigniter4\framework\system\View\View.php(220): include('C:\\wamp64\\www\\E...')
#2 C:\wamp64\www\EspaceASM\vendor\codeigniter4\framework\system\View\View.php(222): CodeIgniter\View\View->CodeIgniter\View\{closure}()
#3 C:\wamp64\www\EspaceASM\vendor\codeigniter4\framework\system\Common.php(1217): CodeIgniter\View\View->render('Application/Set...', Array, true)
#4 C:\wamp64\www\EspaceASM\app\Controllers\Setup.php(9): view('Application/Set...')
#5 C:\wamp64\www\EspaceASM\vendor\codeigniter4\framework\system\CodeIgniter.php(935): App\Controllers\Setup->index()
#6 C:\wamp64\www\EspaceASM\vendor\codeigniter4\framework\system\CodeIgniter.php(431): CodeIgniter\CodeIgniter->runController(Object(App\Controllers\Setup))
#7 C:\wamp64\www\EspaceASM\vendor\codeigniter4\framework\system\CodeIgniter.php(332): CodeIgniter\CodeIgniter->handleRequest(NULL, Object(Config\Cache), false)
#8 C:\wamp64\www\EspaceASM\public\index.php(44): CodeIgniter\CodeIgniter->run()
#9 {main}
CRITICAL - 2021-04-05 18:01:15 --> Invalid file: Application/Setup/repair.php
#0 C:\wamp64\www\EspaceASM\vendor\codeigniter4\framework\system\View\View.php(203): CodeIgniter\Exceptions\FrameworkException::forInvalidFile('Application/Set...')
#1 C:\wamp64\www\EspaceASM\vendor\codeigniter4\framework\system\Common.php(1217): CodeIgniter\View\View->render('Application/Set...', Array, true)
#2 C:\wamp64\www\EspaceASM\app\Controllers\Setup.php(17): view('Application/Set...')
#3 C:\wamp64\www\EspaceASM\vendor\codeigniter4\framework\system\CodeIgniter.php(935): App\Controllers\Setup->repair()
#4 C:\wamp64\www\EspaceASM\vendor\codeigniter4\framework\system\CodeIgniter.php(431): CodeIgniter\CodeIgniter->runController(Object(App\Controllers\Setup))
#5 C:\wamp64\www\EspaceASM\vendor\codeigniter4\framework\system\CodeIgniter.php(332): CodeIgniter\CodeIgniter->handleRequest(NULL, Object(Config\Cache), false)
#6 C:\wamp64\www\EspaceASM\public\index.php(44): CodeIgniter\CodeIgniter->run()
#7 {main}
